2024-11-30 13:33:53,374 - INFO - INFO: Admin mrle accessed user management
2024-11-30 13:35:55,872 - INFO - INFO: Admin mrle accessed user management
2024-11-30 13:35:58,607 - INFO - INFO: Admin mrle accessed user management
2024-11-30 13:36:09,976 - INFO - INFO: Admin mrle accessed user management
2024-11-30 13:36:42,931 - INFO - INFO: Admin mrle accessed user management
2024-11-30 13:37:07,178 - INFO - INFO: Admin mrle accessed user management
2024-11-30 13:44:46,134 - INFO - INFO: Admin mrle accessed user management
2024-11-30 13:44:48,585 - WARNING - WARNING: Admin mrle banned user: ZhangBohan
2024-11-30 13:44:48,685 - INFO - INFO: Admin mrle accessed user management
2024-11-30 13:45:44,891 - WARNING - WARNING: Failed login attempt for email: bohan.zhang@ucdconnect.ie
2024-11-30 13:45:51,236 - WARNING - WARNING: Banned user attempted to login: ZhangBohan
2024-11-30 13:46:09,423 - INFO - INFO: User logged in successfully: 刘乐
2024-11-30 13:47:09,371 - INFO - INFO: Admin mrle accessed user management
2024-11-30 13:47:13,482 - WARNING - WARNING: Admin mrle banned user: 刘乐
2024-11-30 13:47:13,560 - INFO - INFO: Admin mrle accessed user management
2024-11-30 13:56:07,007 - INFO - INFO: Admin mrle accessed user management
2024-11-30 13:57:48,249 - INFO - INFO: Admin mrle accessed user management
2024-11-30 13:57:52,005 - INFO - INFO: Admin mrle accessed user management
2024-11-30 13:58:12,079 - INFO - INFO: Admin mrle accessed user management
2024-11-30 13:58:14,107 - INFO - INFO: Admin mrle accessed user management
2024-11-30 13:58:14,739 - INFO - INFO: Admin mrle accessed user management
2024-11-30 13:58:15,099 - INFO - INFO: Admin mrle accessed user management
2024-11-30 13:58:23,534 - INFO - INFO: Admin mrle accessed user management
2024-11-30 14:00:51,802 - INFO - INFO: Admin mrle accessed user management
2024-11-30 14:02:06,743 - INFO - INFO: Admin mrle accessed user management
2024-11-30 14:03:08,653 - INFO - INFO: Admin mrle accessed user management
2024-11-30 14:04:14,658 - INFO - INFO: Admin mrle accessed user management
2024-11-30 14:05:49,580 - INFO - INFO: Admin mrle accessed user management
2024-11-30 14:05:59,016 - INFO - INFO: Admin mrle unbanned user: ZhangBohan
2024-11-30 14:05:59,122 - INFO - INFO: Admin mrle accessed user management
2024-11-30 14:06:01,227 - INFO - INFO: Admin mrle unbanned user: 刘乐
2024-11-30 14:06:01,409 - INFO - INFO: Admin mrle accessed user management
2024-11-30 14:06:03,582 - INFO - INFO: Admin mrle deleted user: 测试 (student)
2024-11-30 14:06:03,666 - INFO - INFO: Admin mrle accessed user management
2024-11-30 14:08:36,054 - INFO - INFO: Admin mrle accessed user management
2024-11-30 14:08:38,617 - WARNING - WARNING: Admin mrle banned user: ZhangBohan
2024-11-30 14:08:38,718 - INFO - INFO: Admin mrle accessed user management
2024-11-30 14:08:40,267 - INFO - INFO: Admin mrle unbanned user: ZhangBohan
2024-11-30 14:08:40,352 - INFO - INFO: Admin mrle accessed user management
2024-11-30 14:08:45,814 - INFO - INFO: Admin mrle deleted user: dave (security)
2024-11-30 14:08:46,017 - INFO - INFO: Admin mrle accessed user management
